<?xml version="1.0" encoding="UTF-8"?>
<testng-results skipped="0" failed="0" total="1" passed="1">
  <reporter-output>
  </reporter-output>
  <suite name="Suite" duration-ms="8930" started-at="2017-05-16T10:05:04Z" finished-at="2017-05-16T10:05:13Z">
    <groups>
    </groups>
    <test name="Test" duration-ms="8930" started-at="2017-05-16T10:05:04Z" finished-at="2017-05-16T10:05:13Z">
      <class name="com.test.NewTest">
        <test-method status="PASS" signature="beforeClass()[pri:0, instance:com.test.NewTest@59e84876]" name="beforeClass" is-config="true" duration-ms="4035" started-at="2017-05-16T15:35:04Z" finished-at="2017-05-16T15:35:08Z">
          <reporter-output>
          </reporter-output>
        </test-method> <!-- beforeClass -->
        <test-method status="PASS" signature="verifySearchButton()[pri:0, instance:com.test.NewTest@59e84876]" name="verifySearchButton" duration-ms="3945" started-at="2017-05-16T15:35:08Z" finished-at="2017-05-16T15:35:12Z">
          <reporter-output>
          </reporter-output>
        </test-method> <!-- verifySearchButton -->
        <test-method status="PASS" signature="afterClass()[pri:0, instance:com.test.NewTest@59e84876]" name="afterClass" is-config="true" duration-ms="935" started-at="2017-05-16T15:35:12Z" finished-at="2017-05-16T15:35:13Z">
          <reporter-output>
          </reporter-output>
        </test-method> <!-- afterClass -->
      </class> <!-- com.test.NewTest -->
    </test> <!-- Test -->
  </suite> <!-- Suite -->
</testng-results>
